[18-Dec-2025 17:01:47 UTC] PHP Warning:  Trying to access array offset on value of type bool in C:\OSPanel\home\sf.local\wp-content\themes\sf-theme\inc\load-works.php on line 41
[18-Dec-2025 17:01:47 UTC] PHP Warning:  Trying to access array offset on value of type bool in C:\OSPanel\home\sf.local\wp-content\themes\sf-theme\inc\load-works.php on line 41
[18-Dec-2025 17:01:47 UTC] PHP Warning:  Trying to access array offset on value of type bool in C:\OSPanel\home\sf.local\wp-content\themes\sf-theme\inc\load-works.php on line 41
[18-Dec-2025 17:01:47 UTC] PHP Warning:  Trying to access array offset on value of type bool in C:\OSPanel\home\sf.local\wp-content\themes\sf-theme\inc\load-works.php on line 41
[19-Dec-2025 07:10:01 UTC] Automatic updates starting...
[19-Dec-2025 07:10:02 UTC]   Automatic plugin updates starting...
[19-Dec-2025 07:10:02 UTC]   Automatic plugin updates complete.
[19-Dec-2025 07:10:03 UTC]   Automatic theme updates starting...
[19-Dec-2025 07:10:03 UTC]   Automatic theme updates complete.
[19-Dec-2025 07:10:03 UTC] Automatic updates complete.
[19-Dec-2025 10:27:46 UTC] PHP Fatal error:  Cannot redeclare render_product_categories_menu() (previously declared in C:\OSPanel\home\sf.local\wp-content\themes\sf-theme\template-parts\categories-menu.php:14) in C:\OSPanel\home\sf.local\wp-content\themes\sf-theme\template-parts\categories-menu.php on line 68
[19-Dec-2025 10:27:49 UTC] PHP Fatal error:  Cannot redeclare render_product_categories_menu() (previously declared in C:\OSPanel\home\sf.local\wp-content\themes\sf-theme\template-parts\categories-menu.php:14) in C:\OSPanel\home\sf.local\wp-content\themes\sf-theme\template-parts\categories-menu.php on line 68
[19-Dec-2025 10:27:50 UTC] Automatic updates starting...
[19-Dec-2025 10:27:51 UTC]   Automatic plugin updates starting...
[19-Dec-2025 10:27:51 UTC]   Automatic plugin updates complete.
[19-Dec-2025 10:27:51 UTC]   Automatic theme updates starting...
[19-Dec-2025 10:27:51 UTC]   Automatic theme updates complete.
[19-Dec-2025 10:27:51 UTC] Automatic updates complete.
[19-Dec-2025 10:27:52 UTC] PHP Fatal error:  Cannot redeclare render_product_categories_menu() (previously declared in C:\OSPanel\home\sf.local\wp-content\themes\sf-theme\template-parts\categories-menu.php:14) in C:\OSPanel\home\sf.local\wp-content\themes\sf-theme\template-parts\categories-menu.php on line 68
[19-Dec-2025 10:28:34 UTC] PHP Fatal error:  Uncaught Error: Call to undefined function render_product_categories_menu() in C:\OSPanel\home\sf.local\wp-content\themes\sf-theme\template-parts\mobile-menu.php:13
Stack trace:
#0 C:\OSPanel\home\sf.local\wp-includes\template.php(816): require()
#1 C:\OSPanel\home\sf.local\wp-includes\template.php(749): load_template('C:\\OSPanel\\home...', false, Array)
#2 C:\OSPanel\home\sf.local\wp-includes\general-template.php(206): locate_template(Array, true, false, Array)
#3 C:\OSPanel\home\sf.local\wp-content\themes\sf-theme\header.php(40): get_template_part('template-parts/...')
#4 C:\OSPanel\home\sf.local\wp-includes\template.php(814): require_once('C:\\OSPanel\\home...')
#5 C:\OSPanel\home\sf.local\wp-includes\template.php(749): load_template('C:\\OSPanel\\home...', true, Array)
#6 C:\OSPanel\home\sf.local\wp-includes\general-template.php(48): locate_template(Array, true, true, Array)
#7 C:\OSPanel\home\sf.local\wp-content\themes\sf-theme\front-page.php(1): get_header()
#8 C:\OSPanel\home\sf.local\wp-includes\template-loader.php(125): include('C:\\OSPanel\\home...')
#9 C:\OSPanel\home\sf.local\wp-blog-header.php(19): require_once('C:\\OSPanel\\home...')
#10 C:\OSPanel\home\sf.local\index.php(17): require('C:\\OSPanel\\home...')
#11 {main}
  thrown in C:\OSPanel\home\sf.local\wp-content\themes\sf-theme\template-parts\mobile-menu.php on line 13
[19-Dec-2025 10:28:36 UTC] PHP Fatal error:  Uncaught Error: Call to undefined function render_product_categories_menu() in C:\OSPanel\home\sf.local\wp-content\themes\sf-theme\template-parts\mobile-menu.php:13
Stack trace:
#0 C:\OSPanel\home\sf.local\wp-includes\template.php(816): require()
#1 C:\OSPanel\home\sf.local\wp-includes\template.php(749): load_template('C:\\OSPanel\\home...', false, Array)
#2 C:\OSPanel\home\sf.local\wp-includes\general-template.php(206): locate_template(Array, true, false, Array)
#3 C:\OSPanel\home\sf.local\wp-content\themes\sf-theme\header.php(40): get_template_part('template-parts/...')
#4 C:\OSPanel\home\sf.local\wp-includes\template.php(814): require_once('C:\\OSPanel\\home...')
#5 C:\OSPanel\home\sf.local\wp-includes\template.php(749): load_template('C:\\OSPanel\\home...', true, Array)
#6 C:\OSPanel\home\sf.local\wp-includes\general-template.php(48): locate_template(Array, true, true, Array)
#7 C:\OSPanel\home\sf.local\wp-content\themes\sf-theme\index.php(1): get_header()
#8 C:\OSPanel\home\sf.local\wp-includes\template-loader.php(125): include('C:\\OSPanel\\home...')
#9 C:\OSPanel\home\sf.local\wp-blog-header.php(19): require_once('C:\\OSPanel\\home...')
#10 C:\OSPanel\home\sf.local\index.php(17): require('C:\\OSPanel\\home...')
#11 {main}
  thrown in C:\OSPanel\home\sf.local\wp-content\themes\sf-theme\template-parts\mobile-menu.php on line 13
[19-Dec-2025 10:28:37 UTC] PHP Fatal error:  Uncaught Error: Call to undefined function render_product_categories_menu() in C:\OSPanel\home\sf.local\wp-content\themes\sf-theme\template-parts\mobile-menu.php:13
Stack trace:
#0 C:\OSPanel\home\sf.local\wp-includes\template.php(816): require()
#1 C:\OSPanel\home\sf.local\wp-includes\template.php(749): load_template('C:\\OSPanel\\home...', false, Array)
#2 C:\OSPanel\home\sf.local\wp-includes\general-template.php(206): locate_template(Array, true, false, Array)
#3 C:\OSPanel\home\sf.local\wp-content\themes\sf-theme\header.php(40): get_template_part('template-parts/...')
#4 C:\OSPanel\home\sf.local\wp-includes\template.php(814): require_once('C:\\OSPanel\\home...')
#5 C:\OSPanel\home\sf.local\wp-includes\template.php(749): load_template('C:\\OSPanel\\home...', true, Array)
#6 C:\OSPanel\home\sf.local\wp-includes\general-template.php(48): locate_template(Array, true, true, Array)
#7 C:\OSPanel\home\sf.local\wp-content\themes\sf-theme\index.php(1): get_header()
#8 C:\OSPanel\home\sf.local\wp-includes\template-loader.php(125): include('C:\\OSPanel\\home...')
#9 C:\OSPanel\home\sf.local\wp-blog-header.php(19): require_once('C:\\OSPanel\\home...')
#10 C:\OSPanel\home\sf.local\index.php(17): require('C:\\OSPanel\\home...')
#11 {main}
  thrown in C:\OSPanel\home\sf.local\wp-content\themes\sf-theme\template-parts\mobile-menu.php on line 13
[19-Dec-2025 10:28:46 UTC] PHP Fatal error:  Uncaught Error: Call to undefined function render_product_categories_menu() in C:\OSPanel\home\sf.local\wp-content\themes\sf-theme\template-parts\mobile-menu.php:13
Stack trace:
#0 C:\OSPanel\home\sf.local\wp-includes\template.php(816): require()
#1 C:\OSPanel\home\sf.local\wp-includes\template.php(749): load_template('C:\\OSPanel\\home...', false, Array)
#2 C:\OSPanel\home\sf.local\wp-includes\general-template.php(206): locate_template(Array, true, false, Array)
#3 C:\OSPanel\home\sf.local\wp-content\themes\sf-theme\header.php(40): get_template_part('template-parts/...')
#4 C:\OSPanel\home\sf.local\wp-includes\template.php(814): require_once('C:\\OSPanel\\home...')
#5 C:\OSPanel\home\sf.local\wp-includes\template.php(749): load_template('C:\\OSPanel\\home...', true, Array)
#6 C:\OSPanel\home\sf.local\wp-includes\general-template.php(48): locate_template(Array, true, true, Array)
#7 C:\OSPanel\home\sf.local\wp-content\themes\sf-theme\front-page.php(1): get_header()
#8 C:\OSPanel\home\sf.local\wp-includes\template-loader.php(125): include('C:\\OSPanel\\home...')
#9 C:\OSPanel\home\sf.local\wp-blog-header.php(19): require_once('C:\\OSPanel\\home...')
#10 C:\OSPanel\home\sf.local\index.php(17): require('C:\\OSPanel\\home...')
#11 {main}
  thrown in C:\OSPanel\home\sf.local\wp-content\themes\sf-theme\template-parts\mobile-menu.php on line 13
[19-Dec-2025 10:28:48 UTC] PHP Fatal error:  Uncaught Error: Call to undefined function render_product_categories_menu() in C:\OSPanel\home\sf.local\wp-content\themes\sf-theme\template-parts\mobile-menu.php:13
Stack trace:
#0 C:\OSPanel\home\sf.local\wp-includes\template.php(816): require()
#1 C:\OSPanel\home\sf.local\wp-includes\template.php(749): load_template('C:\\OSPanel\\home...', false, Array)
#2 C:\OSPanel\home\sf.local\wp-includes\general-template.php(206): locate_template(Array, true, false, Array)
#3 C:\OSPanel\home\sf.local\wp-content\themes\sf-theme\header.php(40): get_template_part('template-parts/...')
#4 C:\OSPanel\home\sf.local\wp-includes\template.php(814): require_once('C:\\OSPanel\\home...')
#5 C:\OSPanel\home\sf.local\wp-includes\template.php(749): load_template('C:\\OSPanel\\home...', true, Array)
#6 C:\OSPanel\home\sf.local\wp-includes\general-template.php(48): locate_template(Array, true, true, Array)
#7 C:\OSPanel\home\sf.local\wp-content\themes\sf-theme\index.php(1): get_header()
#8 C:\OSPanel\home\sf.local\wp-includes\template-loader.php(125): include('C:\\OSPanel\\home...')
#9 C:\OSPanel\home\sf.local\wp-blog-header.php(19): require_once('C:\\OSPanel\\home...')
#10 C:\OSPanel\home\sf.local\index.php(17): require('C:\\OSPanel\\home...')
#11 {main}
  thrown in C:\OSPanel\home\sf.local\wp-content\themes\sf-theme\template-parts\mobile-menu.php on line 13
[19-Dec-2025 10:28:50 UTC] PHP Fatal error:  Uncaught Error: Call to undefined function render_product_categories_menu() in C:\OSPanel\home\sf.local\wp-content\themes\sf-theme\template-parts\mobile-menu.php:13
Stack trace:
#0 C:\OSPanel\home\sf.local\wp-includes\template.php(816): require()
#1 C:\OSPanel\home\sf.local\wp-includes\template.php(749): load_template('C:\\OSPanel\\home...', false, Array)
#2 C:\OSPanel\home\sf.local\wp-includes\general-template.php(206): locate_template(Array, true, false, Array)
#3 C:\OSPanel\home\sf.local\wp-content\themes\sf-theme\header.php(40): get_template_part('template-parts/...')
#4 C:\OSPanel\home\sf.local\wp-includes\template.php(814): require_once('C:\\OSPanel\\home...')
#5 C:\OSPanel\home\sf.local\wp-includes\template.php(749): load_template('C:\\OSPanel\\home...', true, Array)
#6 C:\OSPanel\home\sf.local\wp-includes\general-template.php(48): locate_template(Array, true, true, Array)
#7 C:\OSPanel\home\sf.local\wp-content\themes\sf-theme\index.php(1): get_header()
#8 C:\OSPanel\home\sf.local\wp-includes\template-loader.php(125): include('C:\\OSPanel\\home...')
#9 C:\OSPanel\home\sf.local\wp-blog-header.php(19): require_once('C:\\OSPanel\\home...')
#10 C:\OSPanel\home\sf.local\index.php(17): require('C:\\OSPanel\\home...')
#11 {main}
  thrown in C:\OSPanel\home\sf.local\wp-content\themes\sf-theme\template-parts\mobile-menu.php on line 13
[19-Dec-2025 12:23:09 UTC] PHP Notice:  Функция wp_enqueue_script() вызвана <strong>неправильно</strong>. Скрипт "wp-editor" не может быть использован в очереди совместно с новым редактором виджетов (wp-edit-widgets или wp-customize-widgets). Дополнительную информацию можно найти на странице <a href="https://developer.wordpress.org/advanced-administration/debug/debug-wordpress/">&laquo;Отладка в WordPress&raquo;</a>. (Это сообщение было добавлено в версии 5.8.0.) in C:\OSPanel\home\sf.local\wp-includes\functions.php on line 6131
[19-Dec-2025 12:34:52 UTC] PHP Notice:  Функция wp_enqueue_script() вызвана <strong>неправильно</strong>. Скрипт "wp-editor" не может быть использован в очереди совместно с новым редактором виджетов (wp-edit-widgets или wp-customize-widgets). Дополнительную информацию можно найти на странице <a href="https://developer.wordpress.org/advanced-administration/debug/debug-wordpress/">&laquo;Отладка в WordPress&raquo;</a>. (Это сообщение было добавлено в версии 5.8.0.) in C:\OSPanel\home\sf.local\wp-includes\functions.php on line 6131
[19-Dec-2025 12:34:53 UTC] PHP Notice:  Функция wp_enqueue_script() вызвана <strong>неправильно</strong>. Скрипт "wp-editor" не может быть использован в очереди совместно с новым редактором виджетов (wp-edit-widgets или wp-customize-widgets). Дополнительную информацию можно найти на странице <a href="https://developer.wordpress.org/advanced-administration/debug/debug-wordpress/">&laquo;Отладка в WordPress&raquo;</a>. (Это сообщение было добавлено в версии 5.8.0.) in C:\OSPanel\home\sf.local\wp-includes\functions.php on line 6131
[19-Dec-2025 12:35:00 UTC] PHP Notice:  Функция wp_enqueue_script() вызвана <strong>неправильно</strong>. Скрипт "wp-editor" не может быть использован в очереди совместно с новым редактором виджетов (wp-edit-widgets или wp-customize-widgets). Дополнительную информацию можно найти на странице <a href="https://developer.wordpress.org/advanced-administration/debug/debug-wordpress/">&laquo;Отладка в WordPress&raquo;</a>. (Это сообщение было добавлено в версии 5.8.0.) in C:\OSPanel\home\sf.local\wp-includes\functions.php on line 6131
[19-Dec-2025 21:30:21 UTC] Automatic updates starting...
[19-Dec-2025 21:30:22 UTC]   Automatic plugin updates starting...
[19-Dec-2025 21:30:22 UTC]   Automatic plugin updates complete.
[19-Dec-2025 21:30:24 UTC]   Automatic theme updates starting...
[19-Dec-2025 21:30:24 UTC]   Automatic theme updates complete.
[19-Dec-2025 21:30:24 UTC] Automatic updates complete.
[20-Dec-2025 07:06:54 UTC] PHP Warning:  Undefined variable $parent_id in C:\OSPanel\home\sf.local\wp-content\themes\sf-theme\template-parts\mobile-menu.php on line 21
[20-Dec-2025 07:06:54 UTC] PHP Warning:  Undefined variable $level in C:\OSPanel\home\sf.local\wp-content\themes\sf-theme\template-parts\mobile-menu.php on line 29
[20-Dec-2025 07:06:54 UTC] PHP Warning:  Undefined variable $level in C:\OSPanel\home\sf.local\wp-content\themes\sf-theme\template-parts\mobile-menu.php on line 31
[20-Dec-2025 07:06:54 UTC] PHP Warning:  Undefined variable $level in C:\OSPanel\home\sf.local\wp-content\themes\sf-theme\template-parts\mobile-menu.php on line 34
[20-Dec-2025 07:06:54 UTC] PHP Warning:  Undefined variable $level in C:\OSPanel\home\sf.local\wp-content\themes\sf-theme\template-parts\mobile-menu.php on line 63
[20-Dec-2025 07:06:54 UTC] PHP Warning:  Undefined variable $level in C:\OSPanel\home\sf.local\wp-content\themes\sf-theme\template-parts\mobile-menu.php on line 63
[20-Dec-2025 07:06:57 UTC] PHP Warning:  Undefined variable $parent_id in C:\OSPanel\home\sf.local\wp-content\themes\sf-theme\template-parts\mobile-menu.php on line 21
[20-Dec-2025 07:06:57 UTC] PHP Warning:  Undefined variable $level in C:\OSPanel\home\sf.local\wp-content\themes\sf-theme\template-parts\mobile-menu.php on line 29
[20-Dec-2025 07:06:57 UTC] PHP Warning:  Undefined variable $level in C:\OSPanel\home\sf.local\wp-content\themes\sf-theme\template-parts\mobile-menu.php on line 31
[20-Dec-2025 07:06:57 UTC] PHP Warning:  Undefined variable $level in C:\OSPanel\home\sf.local\wp-content\themes\sf-theme\template-parts\mobile-menu.php on line 34
[20-Dec-2025 07:06:57 UTC] PHP Warning:  Undefined variable $level in C:\OSPanel\home\sf.local\wp-content\themes\sf-theme\template-parts\mobile-menu.php on line 63
[20-Dec-2025 07:06:57 UTC] PHP Warning:  Undefined variable $level in C:\OSPanel\home\sf.local\wp-content\themes\sf-theme\template-parts\mobile-menu.php on line 63
[20-Dec-2025 07:06:57 UTC] PHP Warning:  Undefined variable $parent_id in C:\OSPanel\home\sf.local\wp-content\themes\sf-theme\template-parts\mobile-menu.php on line 21
[20-Dec-2025 07:06:57 UTC] PHP Warning:  Undefined variable $level in C:\OSPanel\home\sf.local\wp-content\themes\sf-theme\template-parts\mobile-menu.php on line 29
[20-Dec-2025 07:06:57 UTC] PHP Warning:  Undefined variable $level in C:\OSPanel\home\sf.local\wp-content\themes\sf-theme\template-parts\mobile-menu.php on line 31
[20-Dec-2025 07:06:57 UTC] PHP Warning:  Undefined variable $level in C:\OSPanel\home\sf.local\wp-content\themes\sf-theme\template-parts\mobile-menu.php on line 34
[20-Dec-2025 07:06:57 UTC] PHP Warning:  Undefined variable $level in C:\OSPanel\home\sf.local\wp-content\themes\sf-theme\template-parts\mobile-menu.php on line 63
[20-Dec-2025 07:06:57 UTC] PHP Warning:  Undefined variable $level in C:\OSPanel\home\sf.local\wp-content\themes\sf-theme\template-parts\mobile-menu.php on line 63
[20-Dec-2025 07:07:38 UTC] PHP Parse error:  syntax error, unexpected token "," in C:\OSPanel\home\sf.local\wp-content\themes\sf-theme\template-parts\mobile-menu.php on line 24
[20-Dec-2025 07:07:40 UTC] PHP Parse error:  syntax error, unexpected token "," in C:\OSPanel\home\sf.local\wp-content\themes\sf-theme\template-parts\mobile-menu.php on line 24
[20-Dec-2025 07:07:40 UTC] PHP Parse error:  syntax error, unexpected token "," in C:\OSPanel\home\sf.local\wp-content\themes\sf-theme\template-parts\mobile-menu.php on line 24
[20-Dec-2025 07:07:54 UTC] PHP Warning:  Undefined variable $parent_id in C:\OSPanel\home\sf.local\wp-content\themes\sf-theme\template-parts\mobile-menu.php on line 21
[20-Dec-2025 07:07:58 UTC] PHP Warning:  Undefined variable $parent_id in C:\OSPanel\home\sf.local\wp-content\themes\sf-theme\template-parts\mobile-menu.php on line 21
[20-Dec-2025 07:07:58 UTC] PHP Warning:  Undefined variable $parent_id in C:\OSPanel\home\sf.local\wp-content\themes\sf-theme\template-parts\mobile-menu.php on line 21
[20-Dec-2025 09:30:24 UTC] Automatic updates starting...
[20-Dec-2025 09:30:26 UTC]   Automatic plugin updates starting...
[20-Dec-2025 09:30:26 UTC]   Automatic plugin updates complete.
[20-Dec-2025 09:30:26 UTC]   Automatic theme updates starting...
[20-Dec-2025 09:30:26 UTC]   Automatic theme updates complete.
[20-Dec-2025 09:30:26 UTC] Automatic updates complete.
[20-Dec-2025 09:54:30 UTC] PHP Warning:  Attempt to read property "labels" on null in C:\OSPanel\home\sf.local\wp-content\themes\sf-theme\inc\breadcrumbs.php on line 112
[20-Dec-2025 09:54:30 UTC] PHP Warning:  Attempt to read property "name" on null in C:\OSPanel\home\sf.local\wp-content\themes\sf-theme\inc\breadcrumbs.php on line 112
[20-Dec-2025 09:54:45 UTC] PHP Warning:  Attempt to read property "labels" on null in C:\OSPanel\home\sf.local\wp-content\themes\sf-theme\inc\breadcrumbs.php on line 112
[20-Dec-2025 09:54:45 UTC] PHP Warning:  Attempt to read property "name" on null in C:\OSPanel\home\sf.local\wp-content\themes\sf-theme\inc\breadcrumbs.php on line 112
